# JRE version: OpenJDK Runtime Environment (7.0_79-b14) (build 1.7.0_79-b14)
# Java VM: OpenJDK 64-Bit Server VM (24.79-b02 mixed mode linux-amd64 compressed oops)
Heap
 PSYoungGen      total 322560K, used 114548K [0x00000000eaa80000, 0x00000000fff00000, 0x0000000100000000)
  eden space 296448K, 33% used [0x00000000eaa80000,0x00000000f0ccace0,0x00000000fcc00000)
  from space 26112K, 53% used [0x00000000fe580000,0x00000000ff312548,0x00000000fff00000)
  to   space 26112K, 0% used [0x00000000fcc00000,0x00000000fcc00000,0x00000000fe580000)
 ParOldGen       total 124928K, used 14895K [0x00000000c0000000, 0x00000000c7a00000, 0x00000000eaa80000)
  object space 124928K, 11% used [0x00000000c0000000,0x00000000c0e8bcc0,0x00000000c7a00000)
 PSPermGen       total 95232K, used 47090K [0x00000000b0000000, 0x00000000b5d00000, 0x00000000c0000000)
  object space 95232K, 49% used [0x00000000b0000000,0x00000000b2dfcad0,0x00000000b5d00000)
GC Heap History (10 events):
Event: 11.166 GC heap before
{Heap before GC invocations=8 (full 1):
 PSYoungGen      total 320512K, used 7925K [0x00000000eaa80000, 0x0000000100000000, 0x0000000100000000)
  eden space 293376K, 0% used [0x00000000eaa80000,0x00000000eaa80000,0x00000000fc900000)
  from space 27136K, 29% used [0x00000000fc900000,0x00000000fd0bd698,0x00000000fe380000)
  to   space 27136K, 0% used [0x00000000fe580000,0x00000000fe580000,0x0000000100000000)
 ParOldGen       total 124928K, used 38086K [0x00000000c0000000, 0x00000000c7a00000, 0x00000000eaa80000)
  object space 124928K, 30% used [0x00000000c0000000,0x00000000c2531a68,0x00000000c7a00000)
 PSPermGen       total 41472K, used 41388K [0x00000000b0000000, 0x00000000b2880000, 0x00000000c0000000)
  object space 41472K, 99% used [0x00000000b0000000,0x00000000b286b3a8,0x00000000b2880000)
Event: 11.389 GC heap after
Heap after GC invocations=8 (full 1):
 PSYoungGen      total 320512K, used 0K [0x00000000eaa80000, 0x0000000100000000, 0x0000000100000000)
  eden space 293376K, 0% used [0x00000000eaa80000,0x00000000eaa80000,0x00000000fc900000)
  from space 27136K, 0% used [0x00000000fc900000,0x00000000fc900000,0x00000000fe380000)
  to   space 27136K, 0% used [0x00000000fe580000,0x00000000fe580000,0x0000000100000000)
 ParOldGen       total 124928K, used 30132K [0x00000000c0000000, 0x00000000c7a00000, 0x00000000eaa80000)
  object space 124928K, 24% used [0x00000000c0000000,0x00000000c1d6d010,0x00000000c7a00000)
 PSPermGen       total 82944K, used 41367K [0x00000000b0000000, 0x00000000b5100000, 0x00000000c0000000)
  object space 82944K, 49% used [0x00000000b0000000,0x00000000b2865f30,0x00000000b5100000)
}
Event: 8571.958 GC heap before
{Heap before GC invocations=9 (full 1):
 PSYoungGen      total 320512K, used 293376K [0x00000000eaa80000, 0x0000000100000000, 0x0000000100000000)
  eden space 293376K, 100% used [0x00000000eaa80000,0x00000000fc900000,0x00000000fc900000)
  from space 27136K, 0% used [0x00000000fc900000,0x00000000fc900000,0x00000000fe380000)
  to   space 27136K, 0% used [0x00000000fe580000,0x00000000fe580000,0x0000000100000000)
 ParOldGen       total 124928K, used 30132K [0x00000000c0000000, 0x00000000c7a00000, 0x00000000eaa80000)
  object space 124928K, 24% used [0x00000000c0000000,0x00000000c1d6d010,0x00000000c7a00000)
 PSPermGen       total 82944K, used 44370K [0x00000000b0000000, 0x00000000b5100000, 0x00000000c0000000)
  object space 82944K, 53% used [0x00000000b0000000,0x00000000b2b54b08,0x00000000b5100000)
Event: 8571.973 GC heap after
Heap after GC invocations=9 (full 1):
 PSYoungGen      total 320512K, used 15531K [0x00000000eaa80000, 0x00000000ffe00000, 0x0000000100000000)
  eden space 295424K, 0% used [0x00000000eaa80000,0x00000000eaa80000,0x00000000fcb00000)
  from space 25088K, 61% used [0x00000000fe580000,0x00000000ff4aae18,0x00000000ffe00000)
  to   space 26112K, 0% used [0x00000000fcb00000,0x00000000fcb00000,0x00000000fe480000)
 ParOldGen       total 124928K, used 30132K [0x00000000c0000000, 0x00000000c7a00000, 0x00000000eaa80000)
  object space 124928K, 24% used [0x00000000c0000000,0x00000000c1d6d010,0x00000000c7a00000)
 PSPermGen       total 82944K, used 44370K [0x00000000b0000000, 0x00000000b5100000, 0x00000000c0000000)
  object space 82944K, 53% used [0x00000000b0000000,0x00000000b2b54b08,0x00000000b5100000)
}
Event: 8572.891 GC heap before
{Heap before GC invocations=10 (full 1):
 PSYoungGen      total 320512K, used 109608K [0x00000000eaa80000, 0x00000000ffe00000, 0x0000000100000000)
  eden space 295424K, 31% used [0x00000000eaa80000,0x00000000f065f3c0,0x00000000fcb00000)
  from space 25088K, 61% used [0x00000000fe580000,0x00000000ff4aae18,0x00000000ffe00000)
  to   space 26112K, 0% used [0x00000000fcb00000,0x00000000fcb00000,0x00000000fe480000)
 ParOldGen       total 124928K, used 30132K [0x00000000c0000000, 0x00000000c7a00000, 0x00000000eaa80000)
  object space 124928K, 24% used [0x00000000c0000000,0x00000000c1d6d010,0x00000000c7a00000)
 PSPermGen       total 82944K, used 44457K [0x00000000b0000000, 0x00000000b5100000, 0x00000000c0000000)
  object space 82944K, 53% used [0x00000000b0000000,0x00000000b2b6a5f0,0x00000000b5100000)
Event: 8572.897 GC heap after
Heap after GC invocations=10 (full 1):
 PSYoungGen      total 321536K, used 2292K [0x00000000eaa80000, 0x0000000100000000, 0x0000000100000000)
  eden space 295424K, 0% used [0x00000000eaa80000,0x00000000eaa80000,0x00000000fcb00000)
  from space 26112K, 8% used [0x00000000fcb00000,0x00000000fcd3d0d0,0x00000000fe480000)
  to   space 27136K, 0% used [0x00000000fe580000,0x00000000fe580000,0x0000000100000000)
 ParOldGen       total 124928K, used 30132K [0x00000000c0000000, 0x00000000c7a00000, 0x00000000eaa80000)
  object space 124928K, 24% used [0x00000000c0000000,0x00000000c1d6d010,0x00000000c7a00000)
 PSPermGen       total 82944K, used 44457K [0x00000000b0000000, 0x00000000b5100000, 0x00000000c0000000)
  object space 82944K, 53% used [0x00000000b0000000,0x00000000b2b6a5f0,0x00000000b5100000)
}
Event: 8572.897 GC heap before
{Heap before GC invocations=11 (full 2):
 PSYoungGen      total 321536K, used 2292K [0x00000000eaa80000, 0x0000000100000000, 0x0000000100000000)
  eden space 295424K, 0% used [0x00000000eaa80000,0x00000000eaa80000,0x00000000fcb00000)
  from space 26112K, 8% used [0x00000000fcb00000,0x00000000fcd3d0d0,0x00000000fe480000)
  to   space 27136K, 0% used [0x00000000fe580000,0x00000000fe580000,0x0000000100000000)
 ParOldGen       total 124928K, used 30132K [0x00000000c0000000, 0x00000000c7a00000, 0x00000000eaa80000)
  object space 124928K, 24% used [0x00000000c0000000,0x00000000c1d6d010,0x00000000c7a00000)
 PSPermGen       total 82944K, used 44457K [0x00000000b0000000, 0x00000000b5100000, 0x00000000c0000000)
  object space 82944K, 53% used [0x00000000b0000000,0x00000000b2b6a5f0,0x00000000b5100000)
Event: 8573.204 GC heap after
Heap after GC invocations=11 (full 2):
 PSYoungGen      total 321536K, used 0K [0x00000000eaa80000, 0x0000000100000000, 0x0000000100000000)
  eden space 295424K, 0% used [0x00000000eaa80000,0x00000000eaa80000,0x00000000fcb00000)
  from space 26112K, 0% used [0x00000000fcb00000,0x00000000fcb00000,0x00000000fe480000)
  to   space 27136K, 0% used [0x00000000fe580000,0x00000000fe580000,0x0000000100000000)
 ParOldGen       total 124928K, used 14895K [0x00000000c0000000, 0x00000000c7a00000, 0x00000000eaa80000)
  object space 124928K, 11% used [0x00000000c0000000,0x00000000c0e8bcc0,0x00000000c7a00000)
 PSPermGen       total 95232K, used 44030K [0x00000000b0000000, 0x00000000b5d00000, 0x00000000c0000000)
  object space 95232K, 46% used [0x00000000b0000000,0x00000000b2affbe8,0x00000000b5d00000)
}
Event: 8577.020 GC heap before
{Heap before GC invocations=12 (full 2):
 PSYoungGen      total 321536K, used 295424K [0x00000000eaa80000, 0x0000000100000000, 0x0000000100000000)
  eden space 295424K, 100% used [0x00000000eaa80000,0x00000000fcb00000,0x00000000fcb00000)
  from space 26112K, 0% used [0x00000000fcb00000,0x00000000fcb00000,0x00000000fe480000)
  to   space 27136K, 0% used [0x00000000fe580000,0x00000000fe580000,0x0000000100000000)
 ParOldGen       total 124928K, used 14895K [0x00000000c0000000, 0x00000000c7a00000, 0x00000000eaa80000)
  object space 124928K, 11% used [0x00000000c0000000,0x00000000c0e8bcc0,0x00000000c7a00000)
 PSPermGen       total 95232K, used 44830K [0x00000000b0000000, 0x00000000b5d00000, 0x00000000c0000000)
  object space 95232K, 47% used [0x00000000b0000000,0x00000000b2bc7ae0,0x00000000b5d00000)
Event: 8577.038 GC heap after
Heap after GC invocations=12 (full 2):
 PSYoungGen      total 322560K, used 13897K [0x00000000eaa80000, 0x00000000fff00000, 0x0000000100000000)
  eden space 296448K, 0% used [0x00000000eaa80000,0x00000000eaa80000,0x00000000fcc00000)
  from space 26112K, 53% used [0x00000000fe580000,0x00000000ff312548,0x00000000fff00000)
  to   space 26112K, 0% used [0x00000000fcc00000,0x00000000fcc00000,0x00000000fe580000)
 ParOldGen       total 124928K, used 14895K [0x00000000c0000000, 0x00000000c7a00000, 0x00000000eaa80000)
  object space 124928K, 11% used [0x00000000c0000000,0x00000000c0e8bcc0,0x00000000c7a00000)
 PSPermGen       total 95232K, used 44830K [0x00000000b0000000, 0x00000000b5d00000, 0x00000000c0000000)
  object space 95232K, 47% used [0x00000000b0000000,0x00000000b2bc7ae0,0x00000000b5d00000)
}

