# JRE version: OpenJDK Runtime Environment (7.0_79-b14) (build 1.7.0_79-b14)
# Java VM: OpenJDK 64-Bit Server VM (24.79-b02 mixed mode linux-amd64 compressed oops)
Heap
 PSYoungGen      total 102912K, used 102905K [0x00000000eaa80000, 0x00000000f8580000, 0x0000000100000000)
  eden space 95232K, 100% used [0x00000000eaa80000,0x00000000f0780000,0x00000000f0780000)
  from space 7680K, 99% used [0x00000000f0780000,0x00000000f0efe5b8,0x00000000f0f00000)
  to   space 16896K, 99% used [0x00000000f7500000,0x00000000f857d3e0,0x00000000f8580000)
 ParOldGen       total 124928K, used 15166K [0x00000000c0000000, 0x00000000c7a00000, 0x00000000eaa80000)
  object space 124928K, 12% used [0x00000000c0000000,0x00000000c0ecfa78,0x00000000c7a00000)
 PSPermGen       total 35328K, used 35024K [0x00000000b0000000, 0x00000000b2280000, 0x00000000c0000000)
  object space 35328K, 99% used [0x00000000b0000000,0x00000000b22343b8,0x00000000b2280000)
GC Heap History (10 events):
Event: 0.805 GC heap after
Heap after GC invocations=1 (full 0):
 PSYoungGen      total 55296K, used 5612K [0x00000000eaa80000, 0x00000000ee800000, 0x0000000100000000)
  eden space 47616K, 0% used [0x00000000eaa80000,0x00000000eaa80000,0x00000000ed900000)
  from space 7680K, 73% used [0x00000000ed900000,0x00000000ede7b000,0x00000000ee080000)
  to   space 7680K, 0% used [0x00000000ee080000,0x00000000ee080000,0x00000000ee800000)
 ParOldGen       total 124928K, used 8K [0x00000000c0000000, 0x00000000c7a00000, 0x00000000eaa80000)
  object space 124928K, 0% used [0x00000000c0000000,0x00000000c0002000,0x00000000c7a00000)
 PSPermGen       total 21504K, used 9563K [0x00000000b0000000, 0x00000000b1500000, 0x00000000c0000000)
  object space 21504K, 44% used [0x00000000b0000000,0x00000000b0956df8,0x00000000b1500000)
}
Event: 1.407 GC heap before
{Heap before GC invocations=2 (full 0):
 PSYoungGen      total 55296K, used 53228K [0x00000000eaa80000, 0x00000000ee800000, 0x0000000100000000)
  eden space 47616K, 100% used [0x00000000eaa80000,0x00000000ed900000,0x00000000ed900000)
  from space 7680K, 73% used [0x00000000ed900000,0x00000000ede7b000,0x00000000ee080000)
  to   space 7680K, 0% used [0x00000000ee080000,0x00000000ee080000,0x00000000ee800000)
 ParOldGen       total 124928K, used 8K [0x00000000c0000000, 0x00000000c7a00000, 0x00000000eaa80000)
  object space 124928K, 0% used [0x00000000c0000000,0x00000000c0002000,0x00000000c7a00000)
 PSPermGen       total 21504K, used 17183K [0x00000000b0000000, 0x00000000b1500000, 0x00000000c0000000)
  object space 21504K, 79% used [0x00000000b0000000,0x00000000b10c7db8,0x00000000b1500000)
Event: 1.420 GC heap after
Heap after GC invocations=2 (full 0):
 PSYoungGen      total 55296K, used 7671K [0x00000000eaa80000, 0x00000000f1680000, 0x0000000100000000)
  eden space 47616K, 0% used [0x00000000eaa80000,0x00000000eaa80000,0x00000000ed900000)
  from space 7680K, 99% used [0x00000000ee080000,0x00000000ee7fdd10,0x00000000ee800000)
  to   space 7680K, 0% used [0x00000000ed900000,0x00000000ed900000,0x00000000ee080000)
 ParOldGen       total 124928K, used 1457K [0x00000000c0000000, 0x00000000c7a00000, 0x00000000eaa80000)
  object space 124928K, 1% used [0x00000000c0000000,0x00000000c016c5f8,0x00000000c7a00000)
 PSPermGen       total 21504K, used 17183K [0x00000000b0000000, 0x00000000b1500000, 0x00000000c0000000)
  object space 21504K, 79% used [0x00000000b0000000,0x00000000b10c7db8,0x00000000b1500000)
}
Event: 2.039 GC heap before
{Heap before GC invocations=3 (full 0):
 PSYoungGen      total 55296K, used 55287K [0x00000000eaa80000, 0x00000000f1680000, 0x0000000100000000)
  eden space 47616K, 100% used [0x00000000eaa80000,0x00000000ed900000,0x00000000ed900000)
  from space 7680K, 99% used [0x00000000ee080000,0x00000000ee7fdd10,0x00000000ee800000)
  to   space 7680K, 0% used [0x00000000ed900000,0x00000000ed900000,0x00000000ee080000)
 ParOldGen       total 124928K, used 1457K [0x00000000c0000000, 0x00000000c7a00000, 0x00000000eaa80000)
  object space 124928K, 1% used [0x00000000c0000000,0x00000000c016c5f8,0x00000000c7a00000)
 PSPermGen       total 21504K, used 21226K [0x00000000b0000000, 0x00000000b1500000, 0x00000000c0000000)
  object space 21504K, 98% used [0x00000000b0000000,0x00000000b14baa48,0x00000000b1500000)
Event: 2.051 GC heap after
Heap after GC invocations=3 (full 0):
 PSYoungGen      total 55296K, used 7678K [0x00000000eaa80000, 0x00000000f1680000, 0x0000000100000000)
  eden space 47616K, 0% used [0x00000000eaa80000,0x00000000eaa80000,0x00000000ed900000)
  from space 7680K, 99% used [0x00000000ed900000,0x00000000ee07f8d8,0x00000000ee080000)
  to   space 7680K, 0% used [0x00000000f0f00000,0x00000000f0f00000,0x00000000f1680000)
 ParOldGen       total 124928K, used 3905K [0x00000000c0000000, 0x00000000c7a00000, 0x00000000eaa80000)
  object space 124928K, 3% used [0x00000000c0000000,0x00000000c03d04e0,0x00000000c7a00000)
 PSPermGen       total 21504K, used 21226K [0x00000000b0000000, 0x00000000b1500000, 0x00000000c0000000)
  object space 21504K, 98% used [0x00000000b0000000,0x00000000b14baa48,0x00000000b1500000)
}
Event: 2.482 GC heap before
{Heap before GC invocations=4 (full 0):
 PSYoungGen      total 55296K, used 55294K [0x00000000eaa80000, 0x00000000f1680000, 0x0000000100000000)
  eden space 47616K, 100% used [0x00000000eaa80000,0x00000000ed900000,0x00000000ed900000)
  from space 7680K, 99% used [0x00000000ed900000,0x00000000ee07f8d8,0x00000000ee080000)
  to   space 7680K, 0% used [0x00000000f0f00000,0x00000000f0f00000,0x00000000f1680000)
 ParOldGen       total 124928K, used 3905K [0x00000000c0000000, 0x00000000c7a00000, 0x00000000eaa80000)
  object space 124928K, 3% used [0x00000000c0000000,0x00000000c03d04e0,0x00000000c7a00000)
 PSPermGen       total 26624K, used 26267K [0x00000000b0000000, 0x00000000b1a00000, 0x00000000c0000000)
  object space 26624K, 98% used [0x00000000b0000000,0x00000000b19a6e08,0x00000000b1a00000)
Event: 2.497 GC heap after
Heap after GC invocations=4 (full 0):
 PSYoungGen      total 102912K, used 7648K [0x00000000eaa80000, 0x00000000f1680000, 0x0000000100000000)
  eden space 95232K, 0% used [0x00000000eaa80000,0x00000000eaa80000,0x00000000f0780000)
  from space 7680K, 99% used [0x00000000f0f00000,0x00000000f16782c8,0x00000000f1680000)
  to   space 7680K, 0% used [0x00000000f0780000,0x00000000f0780000,0x00000000f0f00000)
 ParOldGen       total 124928K, used 8064K [0x00000000c0000000, 0x00000000c7a00000, 0x00000000eaa80000)
  object space 124928K, 6% used [0x00000000c0000000,0x00000000c07e0298,0x00000000c7a00000)
 PSPermGen       total 26624K, used 26267K [0x00000000b0000000, 0x00000000b1a00000, 0x00000000c0000000)
  object space 26624K, 98% used [0x00000000b0000000,0x00000000b19a6e08,0x00000000b1a00000)
}
Event: 4.529 GC heap before
{Heap before GC invocations=5 (full 0):
 PSYoungGen      total 102912K, used 102880K [0x00000000eaa80000, 0x00000000f1680000, 0x0000000100000000)
  eden space 95232K, 100% used [0x00000000eaa80000,0x00000000f0780000,0x00000000f0780000)
  from space 7680K, 99% used [0x00000000f0f00000,0x00000000f16782c8,0x00000000f1680000)
  to   space 7680K, 0% used [0x00000000f0780000,0x00000000f0780000,0x00000000f0f00000)
 ParOldGen       total 124928K, used 8064K [0x00000000c0000000, 0x00000000c7a00000, 0x00000000eaa80000)
  object space 124928K, 6% used [0x00000000c0000000,0x00000000c07e0298,0x00000000c7a00000)
 PSPermGen       total 30720K, used 30313K [0x00000000b0000000, 0x00000000b1e00000, 0x00000000c0000000)
  object space 30720K, 98% used [0x00000000b0000000,0x00000000b1d9a618,0x00000000b1e00000)
Event: 4.549 GC heap after
Heap after GC invocations=5 (full 0):
 PSYoungGen      total 102912K, used 7673K [0x00000000eaa80000, 0x00000000f8580000, 0x0000000100000000)
  eden space 95232K, 0% used [0x00000000eaa80000,0x00000000eaa80000,0x00000000f0780000)
  from space 7680K, 99% used [0x00000000f0780000,0x00000000f0efe5b8,0x00000000f0f00000)
  to   space 16896K, 0% used [0x00000000f7500000,0x00000000f7500000,0x00000000f8580000)
 ParOldGen       total 124928K, used 14925K [0x00000000c0000000, 0x00000000c7a00000, 0x00000000eaa80000)
  object space 124928K, 11% used [0x00000000c0000000,0x00000000c0e937c0,0x00000000c7a00000)
 PSPermGen       total 30720K, used 30313K [0x00000000b0000000, 0x00000000b1e00000, 0x00000000c0000000)
  object space 30720K, 98% used [0x00000000b0000000,0x00000000b1d9a618,0x00000000b1e00000)
}
Event: 6.068 GC heap before
{Heap before GC invocations=6 (full 0):
 PSYoungGen      total 102912K, used 102905K [0x00000000eaa80000, 0x00000000f8580000, 0x0000000100000000)
  eden space 95232K, 100% used [0x00000000eaa80000,0x00000000f0780000,0x00000000f0780000)
  from space 7680K, 99% used [0x00000000f0780000,0x00000000f0efe5b8,0x00000000f0f00000)
  to   space 16896K, 0% used [0x00000000f7500000,0x00000000f7500000,0x00000000f8580000)
 ParOldGen       total 124928K, used 14925K [0x00000000c0000000, 0x00000000c7a00000, 0x00000000eaa80000)
  object space 124928K, 11% used [0x00000000c0000000,0x00000000c0e937c0,0x00000000c7a00000)
 PSPermGen       total 35328K, used 35024K [0x00000000b0000000, 0x00000000b2280000, 0x00000000c0000000)
  object space 35328K, 99% used [0x00000000b0000000,0x00000000b22343b8,0x00000000b2280000)

