# JRE version: OpenJDK Runtime Environment (7.0_79-b14) (build 1.7.0_79-b14)
# Java VM: OpenJDK 64-Bit Server VM (24.79-b02 mixed mode linux-amd64 compressed oops)
Heap
 PSYoungGen      total 410624K, used 97145K [0x00000007c2d00000, 0x00000007ddf00000, 0x0000000800000000)
  eden space 380928K, 21% used [0x00000007c2d00000,0x00000007c7d30430,0x00000007da100000)
  from space 29696K, 50% used [0x00000007dc200000,0x00000007dd0ae228,0x00000007ddf00000)
  to   space 31744K, 0% used [0x00000007da100000,0x00000007da100000,0x00000007dc000000)
 ParOldGen       total 124928K, used 53408K [0x0000000748800000, 0x0000000750200000, 0x00000007c2d00000)
  object space 124928K, 42% used [0x0000000748800000,0x000000074bc282a8,0x0000000750200000)
 PSPermGen       total 34816K, used 34708K [0x000000073e200000, 0x0000000740400000, 0x0000000748800000)
  object space 34816K, 99% used [0x000000073e200000,0x00000007403e5120,0x0000000740400000)
GC Heap History (10 events):
Event: 10.756 GC heap before
{Heap before GC invocations=4 (full 0):
 PSYoungGen      total 55296K, used 55293K [0x00000007c2d00000, 0x00000007c9900000, 0x0000000800000000)
  eden space 47616K, 100% used [0x00000007c2d00000,0x00000007c5b80000,0x00000007c5b80000)
  from space 7680K, 99% used [0x00000007c5b80000,0x00000007c62ff508,0x00000007c6300000)
  to   space 7680K, 0% used [0x00000007c9180000,0x00000007c9180000,0x00000007c9900000)
 ParOldGen       total 124928K, used 9171K [0x0000000748800000, 0x0000000750200000, 0x00000007c2d00000)
  object space 124928K, 7% used [0x0000000748800000,0x00000007490f4f90,0x0000000750200000)
 PSPermGen       total 21504K, used 8569K [0x000000073e200000, 0x000000073f700000, 0x0000000748800000)
  object space 21504K, 39% used [0x000000073e200000,0x000000073ea5e608,0x000000073f700000)
Event: 10.768 GC heap after
Heap after GC invocations=4 (full 0):
 PSYoungGen      total 102912K, used 7652K [0x00000007c2d00000, 0x00000007c9900000, 0x0000000800000000)
  eden space 95232K, 0% used [0x00000007c2d00000,0x00000007c2d00000,0x00000007c8a00000)
  from space 7680K, 99% used [0x00000007c9180000,0x00000007c98f91b0,0x00000007c9900000)
  to   space 7680K, 0% used [0x00000007c8a00000,0x00000007c8a00000,0x00000007c9180000)
 ParOldGen       total 124928K, used 28513K [0x0000000748800000, 0x0000000750200000, 0x00000007c2d00000)
  object space 124928K, 22% used [0x0000000748800000,0x000000074a3d8510,0x0000000750200000)
 PSPermGen       total 21504K, used 8569K [0x000000073e200000, 0x000000073f700000, 0x0000000748800000)
  object space 21504K, 39% used [0x000000073e200000,0x000000073ea5e608,0x000000073f700000)
}
Event: 11.505 GC heap before
{Heap before GC invocations=5 (full 0):
 PSYoungGen      total 102912K, used 102884K [0x00000007c2d00000, 0x00000007c9900000, 0x0000000800000000)
  eden space 95232K, 100% used [0x00000007c2d00000,0x00000007c8a00000,0x00000007c8a00000)
  from space 7680K, 99% used [0x00000007c9180000,0x00000007c98f91b0,0x00000007c9900000)
  to   space 7680K, 0% used [0x00000007c8a00000,0x00000007c8a00000,0x00000007c9180000)
 ParOldGen       total 124928K, used 28513K [0x0000000748800000, 0x0000000750200000, 0x00000007c2d00000)
  object space 124928K, 22% used [0x0000000748800000,0x000000074a3d8510,0x0000000750200000)
 PSPermGen       total 21504K, used 14155K [0x000000073e200000, 0x000000073f700000, 0x0000000748800000)
  object space 21504K, 65% used [0x000000073e200000,0x000000073efd2e18,0x000000073f700000)
Event: 11.521 GC heap after
Heap after GC invocations=5 (full 0):
 PSYoungGen      total 102912K, used 7654K [0x00000007c2d00000, 0x00000007d3000000, 0x0000000800000000)
  eden space 95232K, 0% used [0x00000007c2d00000,0x00000007c2d00000,0x00000007c8a00000)
  from space 7680K, 99% used [0x00000007c8a00000,0x00000007c9179900,0x00000007c9180000)
  to   space 37376K, 0% used [0x00000007d0b80000,0x00000007d0b80000,0x00000007d3000000)
 ParOldGen       total 124928K, used 50309K [0x0000000748800000, 0x0000000750200000, 0x00000007c2d00000)
  object space 124928K, 40% used [0x0000000748800000,0x000000074b921770,0x0000000750200000)
 PSPermGen       total 21504K, used 14155K [0x000000073e200000, 0x000000073f700000, 0x0000000748800000)
  object space 21504K, 65% used [0x000000073e200000,0x000000073efd2e18,0x000000073f700000)
}
Event: 12.584 GC heap before
{Heap before GC invocations=6 (full 0):
 PSYoungGen      total 102912K, used 102886K [0x00000007c2d00000, 0x00000007d3000000, 0x0000000800000000)
  eden space 95232K, 100% used [0x00000007c2d00000,0x00000007c8a00000,0x00000007c8a00000)
  from space 7680K, 99% used [0x00000007c8a00000,0x00000007c9179900,0x00000007c9180000)
  to   space 37376K, 0% used [0x00000007d0b80000,0x00000007d0b80000,0x00000007d3000000)
 ParOldGen       total 124928K, used 50309K [0x0000000748800000, 0x0000000750200000, 0x00000007c2d00000)
  object space 124928K, 40% used [0x0000000748800000,0x000000074b921770,0x0000000750200000)
 PSPermGen       total 26624K, used 26172K [0x000000073e200000, 0x000000073fc00000, 0x0000000748800000)
  object space 26624K, 98% used [0x000000073e200000,0x000000073fb8f020,0x000000073fc00000)
Event: 12.600 GC heap after
Heap after GC invocations=6 (full 0):
 PSYoungGen      total 222720K, used 17573K [0x00000007c2d00000, 0x00000007d2b00000, 0x0000000800000000)
  eden space 190464K, 0% used [0x00000007c2d00000,0x00000007c2d00000,0x00000007ce700000)
  from space 32256K, 54% used [0x00000007d0b80000,0x00000007d1ca9620,0x00000007d2b00000)
  to   space 34816K, 0% used [0x00000007ce700000,0x00000007ce700000,0x00000007d0900000)
 ParOldGen       total 124928K, used 50309K [0x0000000748800000, 0x0000000750200000, 0x00000007c2d00000)
  object space 124928K, 40% used [0x0000000748800000,0x000000074b921770,0x0000000750200000)
 PSPermGen       total 26624K, used 26172K [0x000000073e200000, 0x000000073fc00000, 0x0000000748800000)
  object space 26624K, 98% used [0x000000073e200000,0x000000073fb8f020,0x000000073fc00000)
}
Event: 13.281 GC heap before
{Heap before GC invocations=7 (full 0):
 PSYoungGen      total 222720K, used 208037K [0x00000007c2d00000, 0x00000007d2b00000, 0x0000000800000000)
  eden space 190464K, 100% used [0x00000007c2d00000,0x00000007ce700000,0x00000007ce700000)
  from space 32256K, 54% used [0x00000007d0b80000,0x00000007d1ca9620,0x00000007d2b00000)
  to   space 34816K, 0% used [0x00000007ce700000,0x00000007ce700000,0x00000007d0900000)
 ParOldGen       total 124928K, used 50309K [0x0000000748800000, 0x0000000750200000, 0x00000007c2d00000)
  object space 124928K, 40% used [0x0000000748800000,0x000000074b921770,0x0000000750200000)
 PSPermGen       total 28160K, used 28078K [0x000000073e200000, 0x000000073fd80000, 0x0000000748800000)
  object space 28160K, 99% used [0x000000073e200000,0x000000073fd6b978,0x000000073fd80000)
Event: 13.295 GC heap after
Heap after GC invocations=7 (full 0):
 PSYoungGen      total 225280K, used 10734K [0x00000007c2d00000, 0x00000007de300000, 0x0000000800000000)
  eden space 190464K, 0% used [0x00000007c2d00000,0x00000007c2d00000,0x00000007ce700000)
  from space 34816K, 30% used [0x00000007ce700000,0x00000007cf17ba78,0x00000007d0900000)
  to   space 33792K, 0% used [0x00000007dc200000,0x00000007dc200000,0x00000007de300000)
 ParOldGen       total 124928K, used 53320K [0x0000000748800000, 0x0000000750200000, 0x00000007c2d00000)
  object space 124928K, 42% used [0x0000000748800000,0x000000074bc12298,0x0000000750200000)
 PSPermGen       total 28160K, used 28078K [0x000000073e200000, 0x000000073fd80000, 0x0000000748800000)
  object space 28160K, 99% used [0x000000073e200000,0x000000073fd6b978,0x000000073fd80000)
}
Event: 79.479 GC heap before
{Heap before GC invocations=8 (full 0):
 PSYoungGen      total 225280K, used 201198K [0x00000007c2d00000, 0x00000007de300000, 0x0000000800000000)
  eden space 190464K, 100% used [0x00000007c2d00000,0x00000007ce700000,0x00000007ce700000)
  from space 34816K, 30% used [0x00000007ce700000,0x00000007cf17ba78,0x00000007d0900000)
  to   space 33792K, 0% used [0x00000007dc200000,0x00000007dc200000,0x00000007de300000)
 ParOldGen       total 124928K, used 53320K [0x0000000748800000, 0x0000000750200000, 0x00000007c2d00000)
  object space 124928K, 42% used [0x0000000748800000,0x000000074bc12298,0x0000000750200000)
 PSPermGen       total 33280K, used 33255K [0x000000073e200000, 0x0000000740280000, 0x0000000748800000)
  object space 33280K, 99% used [0x000000073e200000,0x0000000740279eb0,0x0000000740280000)
Event: 79.497 GC heap after
Heap after GC invocations=8 (full 0):
 PSYoungGen      total 410624K, used 15032K [0x00000007c2d00000, 0x00000007ddf00000, 0x0000000800000000)
  eden space 380928K, 0% used [0x00000007c2d00000,0x00000007c2d00000,0x00000007da100000)
  from space 29696K, 50% used [0x00000007dc200000,0x00000007dd0ae228,0x00000007ddf00000)
  to   space 31744K, 0% used [0x00000007da100000,0x00000007da100000,0x00000007dc000000)
 ParOldGen       total 124928K, used 53408K [0x0000000748800000, 0x0000000750200000, 0x00000007c2d00000)
  object space 124928K, 42% used [0x0000000748800000,0x000000074bc282a8,0x0000000750200000)
 PSPermGen       total 33280K, used 33255K [0x000000073e200000, 0x0000000740280000, 0x0000000748800000)
  object space 33280K, 99% used [0x000000073e200000,0x0000000740279eb0,0x0000000740280000)
}

